INFO [2024-12-19 15:19:20] $x
INFO [2024-12-19 15:19:20] func_enri
INFO [2024-12-19 15:19:20] 
INFO [2024-12-19 15:19:20] $category.names
INFO [2024-12-19 15:19:20] c("accli_cold", "accli_warm", "post1_CC", "post1_CI", "group5")
INFO [2024-12-19 15:19:20] 
INFO [2024-12-19 15:19:20] $filename
INFO [2024-12-19 15:19:20] NULL
INFO [2024-12-19 15:19:20] 
INFO [2024-12-19 15:19:20] $output
INFO [2024-12-19 15:19:20] [1] TRUE
INFO [2024-12-19 15:19:20] 
INFO [2024-12-19 15:19:20] $col
INFO [2024-12-19 15:19:20] [1] "black"
INFO [2024-12-19 15:19:20] 
INFO [2024-12-19 15:19:20] $fill
INFO [2024-12-19 15:19:20] c("red", "blue", "green", "yellow", "purple")
INFO [2024-12-19 15:19:20] 
INFO [2024-12-19 15:19:20] $alpha
INFO [2024-12-19 15:19:20] [1] 0.5
INFO [2024-12-19 15:19:20] 
INFO [2024-12-19 15:19:20] $cex
INFO [2024-12-19 15:19:20] [1] 1
INFO [2024-12-19 15:19:20] 
INFO [2024-12-19 15:19:20] $fontface
INFO [2024-12-19 15:19:20] [1] "bold"
INFO [2024-12-19 15:19:20] 
INFO [2024-12-19 15:19:20] $cat.cex
INFO [2024-12-19 15:19:20] [1] 1
INFO [2024-12-19 15:19:20] 
INFO [2024-12-19 15:19:20] $cat.fontface
INFO [2024-12-19 15:19:20] [1] "bold"
INFO [2024-12-19 15:19:20] 
INFO [2024-12-19 15:19:20] $cat.pos
INFO [2024-12-19 15:19:20] c(-30, 30, 0, 0, -45)
INFO [2024-12-19 15:19:20] 
INFO [2024-12-19 15:19:20] $cat.dist
INFO [2024-12-19 15:19:20] [1] 0.2
INFO [2024-12-19 15:19:20] 
ERROR [2024-12-19 15:19:20] NAs in dataset
