INFO [2024-12-19 15:24:23] $x
INFO [2024-12-19 15:24:23] func_enri
INFO [2024-12-19 15:24:23] 
INFO [2024-12-19 15:24:23] $category.names
INFO [2024-12-19 15:24:23] c("post2_CI", "accli_warm", "post1_CC", "post1_CI", "post2_CC")
INFO [2024-12-19 15:24:23] 
INFO [2024-12-19 15:24:23] $filename
INFO [2024-12-19 15:24:23] NULL
INFO [2024-12-19 15:24:23] 
INFO [2024-12-19 15:24:23] $output
INFO [2024-12-19 15:24:23] [1] TRUE
INFO [2024-12-19 15:24:23] 
INFO [2024-12-19 15:24:23] $col
INFO [2024-12-19 15:24:23] [1] "black"
INFO [2024-12-19 15:24:23] 
INFO [2024-12-19 15:24:23] $fill
INFO [2024-12-19 15:24:23] c("red", "blue", "green", "yellow", "purple")
INFO [2024-12-19 15:24:23] 
INFO [2024-12-19 15:24:23] $alpha
INFO [2024-12-19 15:24:23] [1] 0.5
INFO [2024-12-19 15:24:23] 
INFO [2024-12-19 15:24:23] $cex
INFO [2024-12-19 15:24:23] [1] 1
INFO [2024-12-19 15:24:23] 
INFO [2024-12-19 15:24:23] $fontface
INFO [2024-12-19 15:24:23] [1] "bold"
INFO [2024-12-19 15:24:23] 
INFO [2024-12-19 15:24:23] $cat.cex
INFO [2024-12-19 15:24:23] [1] 1
INFO [2024-12-19 15:24:23] 
INFO [2024-12-19 15:24:23] $cat.fontface
INFO [2024-12-19 15:24:23] [1] "bold"
INFO [2024-12-19 15:24:23] 
INFO [2024-12-19 15:24:23] $cat.pos
INFO [2024-12-19 15:24:23] c(-30, 30, 0, 0, -45)
INFO [2024-12-19 15:24:23] 
INFO [2024-12-19 15:24:23] $cat.dist
INFO [2024-12-19 15:24:23] [1] 0.2
INFO [2024-12-19 15:24:23] 
