INFO [2024-12-19 15:23:18] $x
INFO [2024-12-19 15:23:18] func_enri
INFO [2024-12-19 15:23:18] 
INFO [2024-12-19 15:23:18] $category.names
INFO [2024-12-19 15:23:18] c("accli_cold", "accli_warm", "post1_CC", "post1_CI", "group5")
INFO [2024-12-19 15:23:18] 
INFO [2024-12-19 15:23:18] $filename
INFO [2024-12-19 15:23:18] NULL
INFO [2024-12-19 15:23:18] 
INFO [2024-12-19 15:23:18] $output
INFO [2024-12-19 15:23:18] [1] TRUE
INFO [2024-12-19 15:23:18] 
INFO [2024-12-19 15:23:18] $col
INFO [2024-12-19 15:23:18] [1] "black"
INFO [2024-12-19 15:23:18] 
INFO [2024-12-19 15:23:18] $fill
INFO [2024-12-19 15:23:18] c("red", "blue", "green", "yellow", "purple")
INFO [2024-12-19 15:23:18] 
INFO [2024-12-19 15:23:18] $alpha
INFO [2024-12-19 15:23:18] [1] 0.5
INFO [2024-12-19 15:23:18] 
INFO [2024-12-19 15:23:18] $cex
INFO [2024-12-19 15:23:18] [1] 1
INFO [2024-12-19 15:23:18] 
INFO [2024-12-19 15:23:18] $fontface
INFO [2024-12-19 15:23:18] [1] "bold"
INFO [2024-12-19 15:23:18] 
INFO [2024-12-19 15:23:18] $cat.cex
INFO [2024-12-19 15:23:18] [1] 1
INFO [2024-12-19 15:23:18] 
INFO [2024-12-19 15:23:18] $cat.fontface
INFO [2024-12-19 15:23:18] [1] "bold"
INFO [2024-12-19 15:23:18] 
INFO [2024-12-19 15:23:18] $cat.pos
INFO [2024-12-19 15:23:18] c(-30, 30, 0, 0, -45)
INFO [2024-12-19 15:23:18] 
INFO [2024-12-19 15:23:18] $cat.dist
INFO [2024-12-19 15:23:18] [1] 0.2
INFO [2024-12-19 15:23:18] 
