INFO [2024-12-19 15:21:00] $x
INFO [2024-12-19 15:21:00] func_enri
INFO [2024-12-19 15:21:00] 
INFO [2024-12-19 15:21:00] $category.names
INFO [2024-12-19 15:21:00] c("accli_cold", "accli_warm", "post1_CC", "post1_CI", "group5")
INFO [2024-12-19 15:21:00] 
INFO [2024-12-19 15:21:00] $filename
INFO [2024-12-19 15:21:00] NULL
INFO [2024-12-19 15:21:00] 
INFO [2024-12-19 15:21:00] $output
INFO [2024-12-19 15:21:00] [1] TRUE
INFO [2024-12-19 15:21:00] 
INFO [2024-12-19 15:21:00] $col
INFO [2024-12-19 15:21:00] [1] "black"
INFO [2024-12-19 15:21:00] 
INFO [2024-12-19 15:21:00] $fill
INFO [2024-12-19 15:21:00] c("red", "blue", "green", "yellow", "purple")
INFO [2024-12-19 15:21:00] 
INFO [2024-12-19 15:21:00] $alpha
INFO [2024-12-19 15:21:00] [1] 0.5
INFO [2024-12-19 15:21:00] 
INFO [2024-12-19 15:21:00] $cex
INFO [2024-12-19 15:21:00] [1] 1
INFO [2024-12-19 15:21:00] 
INFO [2024-12-19 15:21:00] $fontface
INFO [2024-12-19 15:21:00] [1] "bold"
INFO [2024-12-19 15:21:00] 
INFO [2024-12-19 15:21:00] $cat.cex
INFO [2024-12-19 15:21:00] [1] 1
INFO [2024-12-19 15:21:00] 
INFO [2024-12-19 15:21:00] $cat.fontface
INFO [2024-12-19 15:21:00] [1] "bold"
INFO [2024-12-19 15:21:00] 
INFO [2024-12-19 15:21:00] $cat.pos
INFO [2024-12-19 15:21:00] c(-30, 30, 0, 0, -45)
INFO [2024-12-19 15:21:00] 
INFO [2024-12-19 15:21:00] $cat.dist
INFO [2024-12-19 15:21:00] [1] 0.2
INFO [2024-12-19 15:21:00] 
